  Window.cpp
c:\users\piotrek\desktop\pag\pag\window.cpp(26): warning C4305: "return": obcięcie z "int" do "bool"
c:\users\piotrek\desktop\pag\pag\window.cpp(36): warning C4305: "return": obcięcie z "int" do "bool"
  Transform.cpp
  tiny_obj_loader.cc
  Texture.cpp
  stb_image.cpp
  Shader.cpp
c:\users\piotrek\desktop\pag\pag\shader.cpp(40): warning C4101: "infoLog": lokalna zmienna, do której nie istnieje odwołanie
c:\users\piotrek\desktop\pag\pag\shader.cpp(39): warning C4101: "success": lokalna zmienna, do której nie istnieje odwołanie
  Mesh.cpp
  main.cpp
c:\users\piotrek\desktop\pag\pag\camera.h(81): warning C4244: "=": konwersja z "double" do "GLfloat", możliwa utrata danych
c:\users\piotrek\desktop\pag\pag\camera.h(82): warning C4244: "=": konwersja z "double" do "GLfloat", możliwa utrata danych
c:\users\piotrek\desktop\pag\pag\camera.h(86): warning C4244: "inicjowanie": konwersja z "double" do "float", możliwa utrata danych
c:\users\piotrek\desktop\pag\pag\camera.h(87): warning C4244: "inicjowanie": konwersja z "double" do "float", możliwa utrata danych
c:\users\piotrek\desktop\pag\pag\camera.h(89): warning C4244: "=": konwersja z "double" do "GLfloat", możliwa utrata danych
c:\users\piotrek\desktop\pag\pag\camera.h(90): warning C4244: "=": konwersja z "double" do "GLfloat", możliwa utrata danych
c:\users\piotrek\desktop\pag\pag\camera.h(99): warning C4244: "argument": konwersja z "double" do "float", możliwa utrata danych
  Core.cpp
c:\users\piotrek\desktop\pag\pag\camera.h(81): warning C4244: "=": konwersja z "double" do "GLfloat", możliwa utrata danych
c:\users\piotrek\desktop\pag\pag\camera.h(82): warning C4244: "=": konwersja z "double" do "GLfloat", możliwa utrata danych
c:\users\piotrek\desktop\pag\pag\camera.h(86): warning C4244: "inicjowanie": konwersja z "double" do "float", możliwa utrata danych
c:\users\piotrek\desktop\pag\pag\camera.h(87): warning C4244: "inicjowanie": konwersja z "double" do "float", możliwa utrata danych
c:\users\piotrek\desktop\pag\pag\camera.h(89): warning C4244: "=": konwersja z "double" do "GLfloat", możliwa utrata danych
c:\users\piotrek\desktop\pag\pag\camera.h(90): warning C4244: "=": konwersja z "double" do "GLfloat", możliwa utrata danych
c:\users\piotrek\desktop\pag\pag\camera.h(99): warning C4244: "argument": konwersja z "double" do "float", możliwa utrata danych
  Generowanie kodu...
c:\users\piotrek\desktop\pag\pag\window.cpp(46): warning C4715: "Window::init”: niewszystkie ścieżki kodu zwracają wartość
  glad.c
LINK : warning LNK4098: domyślna biblioteka „MSVCRT” powoduje konflikt z innymi bibliotekami; użyj opcji /NODEFAULTLIB:biblioteka
  PAG.vcxproj -> C:\Users\Piotrek\Desktop\PAG\Debug\PAG.exe
