  Core.cpp
c:\users\epioadr\desktop\pag\pag\Camera.h(85): warning C4244: '=': conversion from 'double' to 'GLfloat', possible loss of data
c:\users\epioadr\desktop\pag\pag\Camera.h(86): warning C4244: '=': conversion from 'double' to 'GLfloat', possible loss of data
c:\users\epioadr\desktop\pag\pag\Camera.h(90): warning C4244: 'initializing': conversion from 'double' to 'float', possible loss of data
c:\users\epioadr\desktop\pag\pag\Camera.h(91): warning C4244: 'initializing': conversion from 'double' to 'float', possible loss of data
c:\users\epioadr\desktop\pag\pag\Camera.h(93): warning C4244: '=': conversion from 'double' to 'GLfloat', possible loss of data
c:\users\epioadr\desktop\pag\pag\Camera.h(94): warning C4244: '=': conversion from 'double' to 'GLfloat', possible loss of data
c:\users\epioadr\desktop\pag\pag\Camera.h(103): warning C4244: 'argument': conversion from 'double' to 'float', possible loss of data
c:\users\epioadr\desktop\pag\pag\Core.h(44): warning C4200: nonstandard extension used: zero-sized array in struct/union
  c:\users\epioadr\desktop\pag\pag\Core.h(44): note: This member will be ignored by a defaulted constructor or copy/move assignment operator
Core.cpp(30): warning C4101: 'buf': unreferenced local variable
Core.cpp(82): warning C4244: 'initializing': conversion from 'double' to 'float', possible loss of data
  imgui.cpp
  imgui_demo.cpp
  imgui_draw.cpp
  main.cpp
c:\users\epioadr\desktop\pag\pag\Camera.h(85): warning C4244: '=': conversion from 'double' to 'GLfloat', possible loss of data
c:\users\epioadr\desktop\pag\pag\Camera.h(86): warning C4244: '=': conversion from 'double' to 'GLfloat', possible loss of data
c:\users\epioadr\desktop\pag\pag\Camera.h(90): warning C4244: 'initializing': conversion from 'double' to 'float', possible loss of data
c:\users\epioadr\desktop\pag\pag\Camera.h(91): warning C4244: 'initializing': conversion from 'double' to 'float', possible loss of data
c:\users\epioadr\desktop\pag\pag\Camera.h(93): warning C4244: '=': conversion from 'double' to 'GLfloat', possible loss of data
c:\users\epioadr\desktop\pag\pag\Camera.h(94): warning C4244: '=': conversion from 'double' to 'GLfloat', possible loss of data
c:\users\epioadr\desktop\pag\pag\Camera.h(103): warning C4244: 'argument': conversion from 'double' to 'float', possible loss of data
c:\users\epioadr\desktop\pag\pag\Core.h(44): warning C4200: nonstandard extension used: zero-sized array in struct/union
  c:\users\epioadr\desktop\pag\pag\Core.h(44): note: This member will be ignored by a defaulted constructor or copy/move assignment operator
  Mesh.cpp
  Model.cpp
  Shader.cpp
Shader.cpp(40): warning C4101: 'infoLog': unreferenced local variable
Shader.cpp(39): warning C4101: 'success': unreferenced local variable
  stb_image.cpp
  Texture.cpp
  tiny_obj_loader.cc
  Transform.cpp
  Window.cpp
Window.cpp(26): warning C4305: 'return': truncation from 'int' to 'bool'
Window.cpp(36): warning C4305: 'return': truncation from 'int' to 'bool'
  glad.c
  Generating code
  0 of 1642 functions ( 0.0%) were compiled, the rest were copied from previous compilation.
    0 functions were new in current compilation
    52 functions had inline decision re-evaluated but remain unchanged
  Finished generating code
  PAG.vcxproj -> C:\Users\EPIOADR\Desktop\PAG\Release\PAG.exe
